0 info it worked if it ends with ok
1 verbose cli [ 'C:\\Program Files\\nodejs\\node.exe',
1 verbose cli   'C:\\Program Files\\nodejs\\node_modules\\npm\\bin\\npm-cli.js',
1 verbose cli   'install' ]
2 info using npm@1.3.21
3 info using node@v8.1.1
4 error install Couldn't read dependencies
5 error package.json ENOENT: no such file or directory, open 'C:\Users\Lavanya Aarav\package.json'
5 error package.json This is most likely not a problem with npm itself.
5 error package.json npm can't find a package.json file in your current directory.
6 error System Windows_NT 10.0.15063
7 error command "C:\\Program Files\\nodejs\\node.exe" "C:\\Program Files\\nodejs\\node_modules\\npm\\bin\\npm-cli.js" "install"
8 error cwd C:\Users\Lavanya Aarav\Documents\GitHub\createRecipes
9 error node -v v8.1.1
10 error npm -v 1.3.21
11 error path C:\Users\Lavanya Aarav\package.json
12 error syscall open
13 error code ENOPACKAGEJSON
14 error errno -4058
15 verbose exit [ -4058, true ]
